Setting up MSVC environment...
'vswhere.exe' is not recognized as an internal or external command,
operable program or batch file.
**********************************************************************
** Visual Studio 2022 Developer Command Prompt v17.0
** Copyright (c) 2025 Microsoft Corporation
**********************************************************************
[vcvarsall.bat] Environment initialized for: 'x64'
Cleaning dist...
A subdirectory or file dist already exists.
Building frontend RELEASE explicitement...
2026-03-13T12:45:13.622121Z  INFO Starting trunk 0.21.14
2026-03-13T12:45:13.622738Z  INFO starting build
    Blocking waiting for file lock on package cache
    Blocking waiting for file lock on package cache
Browserslist: caniuse-lite is outdated. Please run:
  npx update-browserslist-db@latest
  Why you should do it regularly: https://github.com/browserslist/update-db#readme

Rebuilding...
warning: function `get_members` is never used
  --> src\services\db_service.rs:49:14
   |
49 | pub async fn get_members() -> Result<Vec<Member>, String> {
   |              ^^^^^^^^^^^
   |
   = note: `#[warn(dead_code)]` (part of `#[warn(unused)]`) on by default

warning: function `get_member` is never used
  --> src\services\db_service.rs:74:14
   |
74 | pub async fn get_member(id: i64) -> Result<Member, String> {
   |              ^^^^^^^^^^

warning: function `get_contributions` is never used
   --> src\services\db_service.rs:110:14
    |
110 | pub async fn get_contributions(member_id: i64) -> Result<Vec<Contribution>, String> {
    |              ^^^^^^^^^^^^^^^^^

warning: function `get_contributions_by_year` is never used
   --> src\services\db_service.rs:119:14
    |
119 | pub async fn get_contributions_by_year(year: i32) -> Result<Vec<Contribution>, String> {
    |              ^^^^^^^^^^^^^^^^^^^^^^^^^

warning: function `delete_contribution` is never used
   --> src\services\db_service.rs:137:14
    |
137 | pub async fn delete_contribution(id: i64) -> Result<(), String> {
    |              ^^^^^^^^^^^^^^^^^^^

warning: function `close_year` is never used
   --> src\services\db_service.rs:173:14
    |
173 | pub async fn close_year(year: i32, note: Option<String>) -> Result<YearSummary, String> {
    |              ^^^^^^^^^^

warning: function `reopen_year` is never used
   --> src\services\db_service.rs:182:14
    |
182 | pub async fn reopen_year(year: i32) -> Result<YearSummary, String> {
    |              ^^^^^^^^^^^

warning: `eglise-gestion` (lib) generated 7 warnings
    Finished `release` profile [optimized] target(s) in 0.51s

Done in 298ms.
2026-03-13T12:45:20.602444Z  INFO applying new distribution
2026-03-13T12:45:20.647441Z  INFO success
Verification que c'est bien un build release...
Frontend OK - pas de code dev detecte
Building Tauri release...
        Info Looking up installed tauri packages to check mismatched versions...
    Blocking waiting for file lock on package cache
    Blocking waiting for file lock on package cache
    Blocking waiting for file lock on package cache
   Compiling eglise-gestion-tauri v0.1.0 (D:\lisitra_mpandray\EgliseManager\src-tauri)
    Finished `release` profile [optimized] target(s) in 1m 25s
       Built application at: D:\lisitra_mpandray\EgliseManager\target\release\eglise-gestion-tauri.exe
        Info Target: x64
 Downloading https://go.microsoft.com/fwlink/?linkid=2124701
     Running candle for "D:\\lisitra_mpandray\\EgliseManager\\target\\release\\wix\\x64\\main.wxs"
     Running light to produce D:\lisitra_mpandray\EgliseManager\target\release\bundle\msi\Église Gestion_0.1.0_x64_en-US.msi
        Info Target: x64
     Running makensis to produce D:\lisitra_mpandray\EgliseManager\target\release\bundle\nsis\Église Gestion_0.1.0_x64-setup.exe
    Finished 2 bundles at:
        D:\lisitra_mpandray\EgliseManager\target\release\bundle\msi\Église Gestion_0.1.0_x64_en-US.msi
        D:\lisitra_mpandray\EgliseManager\target\release\bundle\nsis\Église Gestion_0.1.0_x64-setup.exe

Done. Check target\release\ for the .exe
